<?xml version="1.0" encoding="UTF-8"?>
<testsuite xmlns:xsi="http://www.w3.org/2001/XMLSchema-instance" xsi:noNamespaceSchemaLocation="https://maven.apache.org/surefire/maven-surefire-plugin/xsd/surefire-test-report.xsd" name="repository.BarangRepositoryImplTest" time="0.619" tests="12" errors="0" skipped="0" failures="0">
  <properties>
[...]
</properties>
  <testcase name="testGetAll1_success" classname="repository.BarangRepositoryImplTest" time="0.448"/>
  <testcase name="testAdd3_failed" classname="repository.BarangRepositoryImplTest" time="0.047"/>
  <testcase name="testDelete2_success" classname="repository.BarangRepositoryImplTest" time="0"/>
  <testcase name="testAdd2_success" classname="repository.BarangRepositoryImplTest" time="0.004"/>
  <testcase name="testGetById1_success" classname="repository.BarangRepositoryImplTest" time="0.006"/>
  <testcase name="testUpdate2_success" classname="repository.BarangRepositoryImplTest" time="0.004"/>
  <testcase name="testGetById2_failed" classname="repository.BarangRepositoryImplTest" time="0.023"/>
  <testcase name="testUpdate3_failed" classname="repository.BarangRepositoryImplTest" time="0.014"/>
  <testcase name="testDelete1_success" classname="repository.BarangRepositoryImplTest" time="0.011"/>
  <testcase name="testAdd1_success" classname="repository.BarangRepositoryImplTest" time="0.005"/>
  <testcase name="testDelete3_failed" classname="repository.BarangRepositoryImplTest" time="0.003"/>
  <testcase name="testUpdate1_success" classname="repository.BarangRepositoryImplTest" time="0.005"/>
</testsuite>